<?xml version="1.0" encoding="UTF-8"?>
<testng-results skipped="0" failed="0" ignored="0" total="1" passed="1">
  <reporter-output>
  </reporter-output>
  <suite name="Default Suite" duration-ms="27476" started-at="2021-05-23T02:31:21 BOT" finished-at="2021-05-23T02:31:48 BOT">
    <groups>
    </groups>
    <test name="java-sdet-01" duration-ms="27476" started-at="2021-05-23T02:31:21 BOT" finished-at="2021-05-23T02:31:48 BOT">
      <class name="TestFirstChallenge">
        <test-method status="PASS" signature="SetUp()[pri:0, instance:TestFirstChallenge@548e7350]" name="SetUp" is-config="true" duration-ms="6766" started-at="2021-05-23T02:31:21 BOT" finished-at="2021-05-23T02:31:28 BOT">
          <reporter-output>
          </reporter-output>
        </test-method> <!-- SetUp -->
        <test-method status="PASS" signature="FirstChallengeTest()[pri:0, instance:TestFirstChallenge@548e7350]" name="FirstChallengeTest" duration-ms="19922" started-at="2021-05-23T02:31:28 BOT" finished-at="2021-05-23T02:31:48 BOT">
          <reporter-output>
          </reporter-output>
        </test-method> <!-- FirstChallengeTest -->
        <test-method status="PASS" signature="AfterSteps()[pri:0, instance:TestFirstChallenge@548e7350]" name="AfterSteps" is-config="true" duration-ms="740" started-at="2021-05-23T02:31:48 BOT" finished-at="2021-05-23T02:31:48 BOT">
          <reporter-output>
          </reporter-output>
        </test-method> <!-- AfterSteps -->
      </class> <!-- TestFirstChallenge -->
    </test> <!-- java-sdet-01 -->
  </suite> <!-- Default Suite -->
</testng-results>
